<?xml version="1.0" encoding="UTF-8"?>
<testsuite xmlns:xsi="http://www.w3.org/2001/XMLSchema-instance" xsi:noNamespaceSchemaLocation="https://maven.apache.org/surefire/maven-surefire-plugin/xsd/surefire-test-report-3.0.xsd" version="3.0" name="com.github.schm1tz1.crypto.helpers.RsaHelperTest" time="0.211" tests="3" errors="0" skipped="0" failures="0">
  <properties>
[...]
</properties>
  <testcase name="testXmlKeyParsingPrivateKey" classname="com.github.schm1tz1.crypto.helpers.RsaHelperTest" time="0.068">
    <system-out><![CDATA[08:28:40.080 [main] INFO com.github.schm1tz1.crypto.helpers.RsaHelperTest -- {P=11167480013984631634105479817125625149670067778006894533644751098592041482130670438211400572796345479031538065075822895599704954107230683711139987041093839, Q=8565495730690882792974817118473992161408556853316583847296345473924469739101497844366828085530609030689025155950783454377655658970104574047268195560830119, InverseQ=7841205566050655149238532528193409473458223833260080250545890998191947122826117394975523440552104802793879137635274583420803117041062297536045054050473786, Exponent=65537, D=88609719618431477435047509889581948544484389497605494937772156471950598621292220977378242217425574879711588726429816901024320459370597634215216033822445420223057803332069903046806145316521261768714006854723169762219645805828915878976895439995075477224368133566340033971699817718295103383856198935855056947193, Modulus=95655002382361122330105561779501435706800748385843704854830733300975562211227611368710885524681599421704140839466824415128164881333731793008773072123564597317534124793680548575578344685580973284788523058579556640430931389458176593072726598175244746833498591746505935293605634646132863045483153065720616536841, DP=1711323401749357698724710221758589092850397343401791992330961674827347492333160248576484977228034509451359335757762627836303719335625948037154262322866555, DQ=4191978730582409550358946614247445329890261264831715066575872937892388153439147990604111326659883028675706743548917840543645995480524499259839176410547709}
]]></system-out>
  </testcase>
  <testcase name="testXmlKeyParsingPublicKey" classname="com.github.schm1tz1.crypto.helpers.RsaHelperTest" time="0.003">
    <system-out><![CDATA[08:28:40.100 [main] INFO com.github.schm1tz1.crypto.helpers.RsaHelperTest -- {Exponent=65537, Modulus=17357459245558221613025102852878884104712274502366389732063800832777173106836797117116552551883077809736708683759665082491255505855983655199175714982211172285089894348624487800269149475553731527867107917715449138795184269175396413856279956889773576756195859297973379009443190930575486672583511659131275475196346306614071360980664954511941349764665429724786964561723304789276599099459578582637719663385695288896173817943379321894319426251957649650798647545874045236084166842210055144860491106337859601403293084194833588575930580298466032250516303509550414556530950595087335080991556718717904342690243414460003488361953}
]]></system-out>
  </testcase>
  <testcase name="testModulusExponentToKeyConversion" classname="com.github.schm1tz1.crypto.helpers.RsaHelperTest" time="0.059">
    <system-out><![CDATA[08:28:40.121 [main] INFO com.github.schm1tz1.crypto.helpers.RsaHelperTest -- Sun RSA public key, 2048 bits
  params: null
  modulus: 17357459245558221613025102852878884104712274502366389732063800832777173106836797117116552551883077809736708683759665082491255505855983655199175714982211172285089894348624487800269149475553731527867107917715449138795184269175396413856279956889773576756195859297973379009443190930575486672583511659131275475196346306614071360980664954511941349764665429724786964561723304789276599099459578582637719663385695288896173817943379321894319426251957649650798647545874045236084166842210055144860491106337859601403293084194833588575930580298466032250516303509550414556530950595087335080991556718717904342690243414460003488361953
  public exponent: 65537
08:28:40.122 [main] INFO com.github.schm1tz1.crypto.helpers.RsaHelperTest -- -----BEGIN PUBLIC KEY-----
08:28:40.122 [main] INFO com.github.schm1tz1.crypto.helpers.RsaHelperTest -- MIIBIjANBgkqhkiG9w0BAQEFAAOCAQ8AMIIBCgKCAQEAiX9gRAHRSFheYPXs0Awb+kVSC2kkcY624EDSZbIx+InQ+LsXDMu0D7GwOQX8mn/t7rs9fj6m3uqJxmtj7m14IN4QEaaDS00je7FNJs3KtMtERlKg5rC8+xikMQe0QH+MJzepwEL6fxNYv4gIENg0UTPFgISJdL9AuXIKCS58FLZFmgVmER7edH8dLRE0bgA9EnHuOWb41E/PhXe+Wqnxt0qpoKgsHNqvgXXWY7GB6JJmsesxca/5/7buMWUb1hjlm1Ro20Ntdh0pRJDx8HqlUOBJ1Lgp5E4bKa5NeY9KlES/5tI2cNKUXjyy+hFNaG3w8E3zWwW9i3p8t3zw5rPt4QIDAQAB
08:28:40.122 [main] INFO com.github.schm1tz1.crypto.helpers.RsaHelperTest -- -----END PUBLIC KEY-----
08:28:40.159 [main] INFO com.github.schm1tz1.crypto.helpers.RsaHelperTest -- Encrypted message: SXXx69bWwdPqt1OMLanctSeR1NWw1XlOuMm9enHjckdYauFVvlIVZ063GsS0TahYHDgcTs6RJgdd3p0YIBxWUU3neNS5mWmeXrAy+j6Zsbrx9UFd+uB61OC8+QE6CH1r3wwSZ3ABGqY/d+TjnnKtzutHBlsUqjDNfMFfs2QY5MkDIWQNWBwg4jVgXO1UhmWCkOCmQrjiVumQad+8274vkUdslkIGvtoksSUKWFDqZKE/HVHtUNWzHZNigRq66eTP6BRTP8F5E5yoCdgw56MEeRCe3kncS3HBF73MH0iVd8wh4UiYlQiZWoBVaEXn6OxoILjpFIc63YFYYUmII1KmHA==
]]></system-out>
  </testcase>
</testsuite>