<?xml version="1.0" encoding="UTF-8"?>
<testsuite xmlns:xsi="http://www.w3.org/2001/XMLSchema-instance" xsi:noNamespaceSchemaLocation="https://maven.apache.org/surefire/maven-surefire-plugin/xsd/surefire-test-report-3.0.xsd" version="3.0" name="com.github.schm1tz1.crypto.helpers.AesHelperTest" time="0.426" tests="6" errors="0" skipped="0" failures="0">
  <properties>
[...]
</properties>
  <testcase name="AESEncryptDecryptAesCbcPasswordStringMessage" classname="com.github.schm1tz1.crypto.helpers.AesHelperTest" time="0.121">
    <system-out><![CDATA[  Input Test Message->AsJoubsljVGBVgltkFyY3Bl2sWgDDjUruTKVevCmExk=->Input Test Message
]]></system-out>
  </testcase>
  <testcase name="AESEncryptDecryptAesEcbPasswordByteArray" classname="com.github.schm1tz1.crypto.helpers.AesHelperTest" time="0.071">
    <system-out><![CDATA[  Input Bytes->[-45, 96, 10, -92, -45, -73, -82, 84, 57, -15, 70, -88, 125, 16, 6, -103]->Input Bytes
]]></system-out>
  </testcase>
  <testcase name="AESEncryptDecryptAesCbcPasswordByteArray" classname="com.github.schm1tz1.crypto.helpers.AesHelperTest" time="0.064">
    <system-out><![CDATA[  Input Bytes->�ߘs�^:�U��W
'�->Input Bytes
]]></system-out>
  </testcase>
  <testcase name="AESEncryptDecryptAesGcmPasswordStringMessage" classname="com.github.schm1tz1.crypto.helpers.AesHelperTest" time="0.057">
    <system-out><![CDATA[  Input Test Message->crVCNi9x/HsjE69GzB7s9OhDX1Q9jxPph3Ltt4IVxUvWTA==->Input Test Message
]]></system-out>
  </testcase>
  <testcase name="AESEncryptDecryptAesGcmPasswordByteArray" classname="com.github.schm1tz1.crypto.helpers.AesHelperTest" time="0.054">
    <system-out><![CDATA[  Input Bytes->�+ u#�J����w&amp#20;��&amp#19;��S��p��-�3->Input Bytes
]]></system-out>
  </testcase>
  <testcase name="AESEncryptDecryptAesEcbPasswordStringMessage" classname="com.github.schm1tz1.crypto.helpers.AesHelperTest" time="0.054">
    <system-out><![CDATA[  Input Test Message->Kx9Uan/eKR/ZZN3olTvUsAESivuqZlhy44Iav/uVpLA=->Input Test Message
]]></system-out>
  </testcase>
</testsuite>