<?xml version="1.0" encoding="UTF-8"?>
<testsuite xmlns:xsi="http://www.w3.org/2001/XMLSchema-instance" xsi:noNamespaceSchemaLocation="https://maven.apache.org/surefire/maven-surefire-plugin/xsd/surefire-test-report-3.0.xsd" version="3.0" name="com.github.schm1tz1.crypto.helpers.RsaHelperTest" time="0.178" tests="4" errors="0" skipped="0" failures="0">
  <properties>
[...]
</properties>
  <testcase name="testXmlKeyParsingPrivateKey" classname="com.github.schm1tz1.crypto.helpers.RsaHelperTest" time="0.053">
    <system-out><![CDATA[12:04:21.725 [main] INFO com.github.schm1tz1.crypto.helpers.RsaHelperTest -- {P=11167480013984631634105479817125625149670067778006894533644751098592041482130670438211400572796345479031538065075822895599704954107230683711139987041093839, Q=8565495730690882792974817118473992161408556853316583847296345473924469739101497844366828085530609030689025155950783454377655658970104574047268195560830119, InverseQ=7841205566050655149238532528193409473458223833260080250545890998191947122826117394975523440552104802793879137635274583420803117041062297536045054050473786, Exponent=65537, D=88609719618431477435047509889581948544484389497605494937772156471950598621292220977378242217425574879711588726429816901024320459370597634215216033822445420223057803332069903046806145316521261768714006854723169762219645805828915878976895439995075477224368133566340033971699817718295103383856198935855056947193, Modulus=95655002382361122330105561779501435706800748385843704854830733300975562211227611368710885524681599421704140839466824415128164881333731793008773072123564597317534124793680548575578344685580973284788523058579556640430931389458176593072726598175244746833498591746505935293605634646132863045483153065720616536841, DP=1711323401749357698724710221758589092850397343401791992330961674827347492333160248576484977228034509451359335757762627836303719335625948037154262322866555, DQ=4191978730582409550358946614247445329890261264831715066575872937892388153439147990604111326659883028675706743548917840543645995480524499259839176410547709}
]]></system-out>
  </testcase>
  <testcase name="testXmlKeyParsingPublicKey" classname="com.github.schm1tz1.crypto.helpers.RsaHelperTest" time="0.003">
    <system-out><![CDATA[12:04:21.744 [main] INFO com.github.schm1tz1.crypto.helpers.RsaHelperTest -- {Exponent=65537, Modulus=25096409956296584726391587848902995209227324003367916615236741378818610116827236699918840961628451156045744904729182303296490826380941203566905597011594911618115726144529081567516334488086236550949015053377909450530857856809900074934293741218229242440327355830760789946146121834241539860108209314550572110508481877236794041055316331005063975094942788665275189809928903249847962495491959089413713041323750047639868505971946382531278393891147910048079654162549432706238634208915369749802630503126536126361675798193465833033519119941612020870998886518441998112988468830127420200639968965098887426154125715539753345946337}
]]></system-out>
  </testcase>
  <testcase name="testBase64Processing" classname="com.github.schm1tz1.crypto.helpers.RsaHelperTest" time="0.002"/>
  <testcase name="testModulusExponentToKeyConversion" classname="com.github.schm1tz1.crypto.helpers.RsaHelperTest" time="0.049">
    <system-out><![CDATA[12:04:21.761 [main] INFO com.github.schm1tz1.crypto.helpers.RsaHelperTest -- Sun RSA public key, 2048 bits
  params: null
  modulus: 25096409956296584726391587848902995209227324003367916615236741378818610116827236699918840961628451156045744904729182303296490826380941203566905597011594911618115726144529081567516334488086236550949015053377909450530857856809900074934293741218229242440327355830760789946146121834241539860108209314550572110508481877236794041055316331005063975094942788665275189809928903249847962495491959089413713041323750047639868505971946382531278393891147910048079654162549432706238634208915369749802630503126536126361675798193465833033519119941612020870998886518441998112988468830127420200639968965098887426154125715539753345946337
  public exponent: 65537
12:04:21.761 [main] INFO com.github.schm1tz1.crypto.helpers.RsaHelperTest -- -----BEGIN PUBLIC KEY-----
12:04:21.761 [main] INFO com.github.schm1tz1.crypto.helpers.RsaHelperTest -- MIIBIjANBgkqhkiG9w0BAQEFAAOCAQ8AMIIBCgKCAQEAxs1GwyPre7/knVd3CAO1pyk++yp/qmBz2TekgrehYTWU7hs8bUCeVQrL2OB+jm/AgjdPMohWHD/tLcJy35aZgVfPI3Oa3gmXxdoLZrfNRbnrCm3Xr1MR7wnhMyBt5XXyU/FiF46g5qJ2DUIUg7teoKDNUSAN81JTIoH0KC+rZBoO3tu9PR7H75K5G2eT6oUWkWKcZZU/4WNCDasNtizTe41Jy99BjrChww5r2ctqG8LvIv7UeeFaK1vhxGKaNH/7JvKJI9LbewWNtmb/nRzQg9xK3e0OhblbW+o6zg5pTw+n37fS7pkXK7lbRfUfaQmhoGy6ox4UWGmOgm8yPu8S4QIDAQAB
12:04:21.761 [main] INFO com.github.schm1tz1.crypto.helpers.RsaHelperTest -- -----END PUBLIC KEY-----
12:04:21.796 [main] INFO com.github.schm1tz1.crypto.helpers.RsaHelperTest -- Encrypted message: IFX7kD9Wd4bXTnLbZoy7XnKvFUhLORKOKnSNgtCqENAD27+lA8AEktEl0kzh+UfSKOkmEw0ABXLYOs9gVdh2BDTwovAIKHF8wp5m62atoAxWJMaIrlRwm0ozFeo1FfuxDL8+AYTb62GT2Ncj12KKNHzXLhpsS8sO+4w+1HZKWaFXYa7W1J8Piu4S4ByJJemitPdAQeWDmZqo70+lo3oTkv/J35Rwj70lnMYN7pEOlLuMkcdWEewrZBcWIjsvPGl3Jkz/CdzBJZ3FyJ+kwpJ1nA92VbdCN+4w7F0Z6jHppLQXu2GWmS8KqTxzq5bv8hGI8hWc0TdDP4+IN1Y2WVGT+w==
]]></system-out>
  </testcase>
</testsuite>